C:\Users\ab53199\source\repos\AngularWeb\AngularWeb\dist\out-tsc\e2e\src\app.po.js
C:\Users\ab53199\source\repos\AngularWeb\AngularWeb\dist\out-tsc\e2e\src\app.po.js.map
C:\Users\ab53199\source\repos\AngularWeb\AngularWeb\dist\out-tsc\e2e\src\app.e2e-spec.js
C:\Users\ab53199\source\repos\AngularWeb\AngularWeb\dist\out-tsc\e2e\src\app.e2e-spec.js.map
C:\Users\ab53199\source\repos\AngularWeb\AngularWeb\dist\out-tsc\src\app\app.component.js
C:\Users\ab53199\source\repos\AngularWeb\AngularWeb\dist\out-tsc\src\app\app.component.js.map
C:\Users\ab53199\source\repos\AngularWeb\AngularWeb\dist\out-tsc\src\app\components\aboutus\aboutus.component.js
C:\Users\ab53199\source\repos\AngularWeb\AngularWeb\dist\out-tsc\src\app\components\aboutus\aboutus.component.js.map
C:\Users\ab53199\source\repos\AngularWeb\AngularWeb\dist\out-tsc\src\app\components\register\register.component.js
C:\Users\ab53199\source\repos\AngularWeb\AngularWeb\dist\out-tsc\src\app\components\register\register.component.js.map
C:\Users\ab53199\source\repos\AngularWeb\AngularWeb\dist\out-tsc\src\app\components\search\search.component.js
C:\Users\ab53199\source\repos\AngularWeb\AngularWeb\dist\out-tsc\src\app\components\search\search.component.js.map
C:\Users\ab53199\source\repos\AngularWeb\AngularWeb\dist\out-tsc\src\app\components\contact\contact.component.js
C:\Users\ab53199\source\repos\AngularWeb\AngularWeb\dist\out-tsc\src\app\components\contact\contact.component.js.map
C:\Users\ab53199\source\repos\AngularWeb\AngularWeb\dist\out-tsc\src\app\app-routing.module.js
C:\Users\ab53199\source\repos\AngularWeb\AngularWeb\dist\out-tsc\src\app\app-routing.module.js.map
C:\Users\ab53199\source\repos\AngularWeb\AngularWeb\dist\out-tsc\src\app\components\header\header.component.js
C:\Users\ab53199\source\repos\AngularWeb\AngularWeb\dist\out-tsc\src\app\components\header\header.component.js.map
C:\Users\ab53199\source\repos\AngularWeb\AngularWeb\dist\out-tsc\src\app\components\footer\footer.component.js
C:\Users\ab53199\source\repos\AngularWeb\AngularWeb\dist\out-tsc\src\app\components\footer\footer.component.js.map
C:\Users\ab53199\source\repos\AngularWeb\AngularWeb\dist\out-tsc\src\app\app.module.js
C:\Users\ab53199\source\repos\AngularWeb\AngularWeb\dist\out-tsc\src\app\app.module.js.map
C:\Users\ab53199\source\repos\AngularWeb\AngularWeb\dist\out-tsc\src\environments\environment.js
C:\Users\ab53199\source\repos\AngularWeb\AngularWeb\dist\out-tsc\src\environments\environment.js.map
C:\Users\ab53199\source\repos\AngularWeb\AngularWeb\dist\out-tsc\src\main.js
C:\Users\ab53199\source\repos\AngularWeb\AngularWeb\dist\out-tsc\src\main.js.map
C:\Users\ab53199\source\repos\AngularWeb\AngularWeb\dist\out-tsc\src\polyfills.js
C:\Users\ab53199\source\repos\AngularWeb\AngularWeb\dist\out-tsc\src\polyfills.js.map
C:\Users\ab53199\source\repos\AngularWeb\AngularWeb\dist\out-tsc\src\test.js
C:\Users\ab53199\source\repos\AngularWeb\AngularWeb\dist\out-tsc\src\test.js.map
C:\Users\ab53199\source\repos\AngularWeb\AngularWeb\dist\out-tsc\src\app\app.component.spec.js
C:\Users\ab53199\source\repos\AngularWeb\AngularWeb\dist\out-tsc\src\app\app.component.spec.js.map
C:\Users\ab53199\source\repos\AngularWeb\AngularWeb\dist\out-tsc\src\app\components\aboutus\aboutus.component.spec.js
C:\Users\ab53199\source\repos\AngularWeb\AngularWeb\dist\out-tsc\src\app\components\aboutus\aboutus.component.spec.js.map
C:\Users\ab53199\source\repos\AngularWeb\AngularWeb\dist\out-tsc\src\app\components\contact\contact.component.spec.js
C:\Users\ab53199\source\repos\AngularWeb\AngularWeb\dist\out-tsc\src\app\components\contact\contact.component.spec.js.map
C:\Users\ab53199\source\repos\AngularWeb\AngularWeb\dist\out-tsc\src\app\components\footer\footer.component.spec.js
C:\Users\ab53199\source\repos\AngularWeb\AngularWeb\dist\out-tsc\src\app\components\footer\footer.component.spec.js.map
C:\Users\ab53199\source\repos\AngularWeb\AngularWeb\dist\out-tsc\src\app\components\header\header.component.spec.js
C:\Users\ab53199\source\repos\AngularWeb\AngularWeb\dist\out-tsc\src\app\components\header\header.component.spec.js.map
C:\Users\ab53199\source\repos\AngularWeb\AngularWeb\dist\out-tsc\src\app\components\register\register.component.spec.js
C:\Users\ab53199\source\repos\AngularWeb\AngularWeb\dist\out-tsc\src\app\components\register\register.component.spec.js.map
C:\Users\ab53199\source\repos\AngularWeb\AngularWeb\dist\out-tsc\src\app\components\search\search.component.spec.js
C:\Users\ab53199\source\repos\AngularWeb\AngularWeb\dist\out-tsc\src\app\components\search\search.component.spec.js.map
C:\Users\ab53199\source\repos\AngularWeb\AngularWeb\dist\out-tsc\src\app\services\data.service.js
C:\Users\ab53199\source\repos\AngularWeb\AngularWeb\dist\out-tsc\src\app\services\data.service.js.map
C:\Users\ab53199\source\repos\AngularWeb\AngularWeb\dist\out-tsc\src\app\services\data.service.spec.js
C:\Users\ab53199\source\repos\AngularWeb\AngularWeb\dist\out-tsc\src\app\services\data.service.spec.js.map
C:\Users\ab53199\source\repos\AngularWeb\AngularWeb\dist\out-tsc\src\environments\environment.prod.js
C:\Users\ab53199\source\repos\AngularWeb\AngularWeb\dist\out-tsc\src\environments\environment.prod.js.map
